<?xml version="1.0" encoding="UTF-8"?>
<testng-results ignored="0" total="2" passed="2" failed="0" skipped="0">
  <reporter-output>
  </reporter-output>
  <suite started-at="2022-07-23T22:09:54 EET" name="Default suite" finished-at="2022-07-23T22:10:40 EET" duration-ms="46325">
    <groups>
    </groups>
    <test started-at="2022-07-23T22:09:54 EET" name="Default test" finished-at="2022-07-23T22:10:40 EET" duration-ms="46325">
      <class name="AutomtionSelenium.PracticeTask.UserLogintoFacebook">
        <test-method is-config="true" signature="intiateDriver()[pri:0, instance:AutomtionSelenium.PracticeTask.UserLogintoFacebook@4d910fd6]" started-at="2022-07-23T22:09:54 EET" name="intiateDriver" finished-at="2022-07-23T22:09:59 EET" duration-ms="5446" status="PASS">
          <reporter-output>
          </reporter-output>
        </test-method> <!-- intiateDriver -->
        <test-method signature="Loginwithuser(java.lang.String, java.lang.String)[pri:0, instance:AutomtionSelenium.PracticeTask.UserLogintoFacebook@4d910fd6]" started-at="2022-07-23T22:09:59 EET" name="Loginwithuser" data-provider="testData" finished-at="2022-07-23T22:10:09 EET" duration-ms="10088" status="PASS">
          <params>
            <param index="0">
              <value>
                <![CDATA[tarek_kfsaten_abc@tfbnw.net]]>
              </value>
            </param>
            <param index="1">
              <value>
                <![CDATA[tarek@2020]]>
              </value>
            </param>
          </params>
          <reporter-output>
          </reporter-output>
        </test-method> <!-- Loginwithuser -->
        <test-method signature="Loginwithuser(java.lang.String, java.lang.String)[pri:0, instance:AutomtionSelenium.PracticeTask.UserLogintoFacebook@4d910fd6]" started-at="2022-07-23T22:10:09 EET" name="Loginwithuser" data-provider="testData" finished-at="2022-07-23T22:10:40 EET" duration-ms="30420" status="PASS">
          <params>
            <param index="0">
              <value>
                <![CDATA[tarek_kfsaten_abc@tfbnw.net]]>
              </value>
            </param>
            <param index="1">
              <value>
                <![CDATA[tarek@3030]]>
              </value>
            </param>
          </params>
          <reporter-output>
          </reporter-output>
        </test-method> <!-- Loginwithuser -->
        <test-method is-config="true" signature="stopDriver()[pri:0, instance:AutomtionSelenium.PracticeTask.UserLogintoFacebook@4d910fd6]" started-at="2022-07-23T22:10:40 EET" name="stopDriver" finished-at="2022-07-23T22:10:40 EET" duration-ms="320" status="PASS">
          <reporter-output>
          </reporter-output>
        </test-method> <!-- stopDriver -->
      </class> <!-- AutomtionSelenium.PracticeTask.UserLogintoFacebook -->
    </test> <!-- Default test -->
  </suite> <!-- Default suite -->
</testng-results>
