<?xml version="1.0" encoding="UTF-8"?>
<!-- Generated by org.testng.reporters.JUnitXMLReporter -->
<testsuite ignored="0" hostname="DESKTOP-R04OJGL" failures="0" tests="2" name="Default test" time="46.325" errors="0" timestamp="2022-07-23T22:10:40 EET">
  <testcase classname="AutomtionSelenium.PracticeTask.UserLogintoFacebook" name="Loginwithuser" time="10.088"/>
  <testcase classname="AutomtionSelenium.PracticeTask.UserLogintoFacebook" name="Loginwithuser" time="30.42"/>
</testsuite> <!-- Default test -->
